2025-12-08 22:35:38+0700: Running with following config:
allowResignation = true
lagBuffer = 1.0
logAllGTPCommunication = true
logDir = gtp_logs
logSearchInfo = true
logSearchInfoForChosenMove = false
logToStderr = false
maxTimePondering = 60.0
maxVisits = 500
numSearchThreads = 6
ponderingEnabled = false
resignConsecTurns = 3
resignThreshold = -0.90
rules = tromp-taylor
searchFactorAfterOnePass = 0.50
searchFactorAfterTwoPass = 0.25
searchFactorWhenWinning = 0.40
searchFactorWhenWinningThreshold = 0.95

2025-12-08 22:35:38+0700: GTP Engine starting...
2025-12-08 22:35:38+0700: KataGo v1.16.4
2025-12-08 22:35:38+0700: Using TrompTaylor rules initially, unless GTP/GUI overrides this
2025-12-08 22:35:38+0700: Using 6 CPU thread(s) for search
2025-12-08 22:35:38+0700: nnRandSeed0 = 10658111671468554940
2025-12-08 22:35:38+0700: After dedups: nnModelFile0 = model.bin.gz useFP16 auto useNHWC auto
2025-12-08 22:35:38+0700: Initializing neural net buffer to be size 19 * 19 exactly
2025-12-08 22:35:38+0700: Found OpenCL Platform 0: NVIDIA CUDA (NVIDIA Corporation) (OpenCL 3.0 CUDA 12.8.97)
2025-12-08 22:35:38+0700: Found 1 device(s) on platform 0 with type CPU or GPU or Accelerator
2025-12-08 22:35:38+0700: Found OpenCL Device 0: NVIDIA GeForce RTX 4060 (NVIDIA Corporation) (score 11000300)
2025-12-08 22:35:38+0700: Creating context for OpenCL Platform: NVIDIA CUDA (NVIDIA Corporation) (OpenCL 3.0 CUDA 12.8.97)
2025-12-08 22:35:38+0700: Using OpenCL Device 0: NVIDIA GeForce RTX 4060 (NVIDIA Corporation) OpenCL 3.0 CUDA (Extensions: cl_khr_global_int32_base_atomics cl_khr_global_int32_extended_atomics cl_khr_local_int32_base_atomics cl_khr_local_int32_extended_atomics cl_khr_fp64 cl_khr_3d_image_writes cl_khr_byte_addressable_store cl_khr_icd cl_khr_gl_sharing cl_nv_compiler_options cl_nv_device_attribute_query cl_nv_pragma_unroll cl_nv_d3d10_sharing cl_khr_d3d10_sharing cl_nv_d3d11_sharing cl_nv_copy_opts cl_nv_create_buffer cl_khr_int64_base_atomics cl_khr_int64_extended_atomics cl_khr_device_uuid cl_khr_pci_bus_info cl_khr_external_semaphore cl_khr_external_memory cl_khr_external_semaphore_win32 cl_khr_external_memory_win32 cl_khr_semaphore)
2025-12-08 22:35:38+0700: No existing tuning parameters found or parseable or valid at: C:\Users\admin\Downloads\katagotest/KataGoData/opencltuning/tune11_gpuNVIDIAGeForceRTX4060_x19_y19_c64_mv11.txt
2025-12-08 22:35:38+0700: Performing autotuning
2025-12-08 22:35:38+0700: *** On some systems, this may take several minutes, please be patient ***
2025-12-08 22:35:38+0700: Found OpenCL Platform 0: NVIDIA CUDA (NVIDIA Corporation) (OpenCL 3.0 CUDA 12.8.97)
2025-12-08 22:35:38+0700: Found 1 device(s) on platform 0 with type CPU or GPU or Accelerator
2025-12-08 22:35:38+0700: Found OpenCL Device 0: NVIDIA GeForce RTX 4060 (NVIDIA Corporation) (score 11000300)
2025-12-08 22:35:38+0700: Creating context for OpenCL Platform: NVIDIA CUDA (NVIDIA Corporation) (OpenCL 3.0 CUDA 12.8.97)
2025-12-08 22:35:38+0700: Using OpenCL Device 0: NVIDIA GeForce RTX 4060 (NVIDIA Corporation) OpenCL 3.0 CUDA (Extensions: cl_khr_global_int32_base_atomics cl_khr_global_int32_extended_atomics cl_khr_local_int32_base_atomics cl_khr_local_int32_extended_atomics cl_khr_fp64 cl_khr_3d_image_writes cl_khr_byte_addressable_store cl_khr_icd cl_khr_gl_sharing cl_nv_compiler_options cl_nv_device_attribute_query cl_nv_pragma_unroll cl_nv_d3d10_sharing cl_khr_d3d10_sharing cl_nv_d3d11_sharing cl_nv_copy_opts cl_nv_create_buffer cl_khr_int64_base_atomics cl_khr_int64_extended_atomics cl_khr_device_uuid cl_khr_pci_bus_info cl_khr_external_semaphore cl_khr_external_memory cl_khr_external_semaphore_win32 cl_khr_external_memory_win32 cl_khr_semaphore)
2025-12-08 22:35:38+0700: Dummy tuning thread starting
2025-12-08 22:35:38+0700: Creating context for OpenCL Platform: NVIDIA CUDA (NVIDIA Corporation) (OpenCL 3.0 CUDA 12.8.97)
2025-12-08 22:35:38+0700: Using OpenCL Device 0: NVIDIA GeForce RTX 4060 (NVIDIA Corporation) OpenCL 3.0 CUDA (Extensions: cl_khr_global_int32_base_atomics cl_khr_global_int32_extended_atomics cl_khr_local_int32_base_atomics cl_khr_local_int32_extended_atomics cl_khr_fp64 cl_khr_3d_image_writes cl_khr_byte_addressable_store cl_khr_icd cl_khr_gl_sharing cl_nv_compiler_options cl_nv_device_attribute_query cl_nv_pragma_unroll cl_nv_d3d10_sharing cl_khr_d3d10_sharing cl_nv_d3d11_sharing cl_nv_copy_opts cl_nv_create_buffer cl_khr_int64_base_atomics cl_khr_int64_extended_atomics cl_khr_device_uuid cl_khr_pci_bus_info cl_khr_external_semaphore cl_khr_external_memory cl_khr_external_semaphore_win32 cl_khr_external_memory_win32 cl_khr_semaphore)
2025-12-08 22:35:59+0700: Tuning dummy thread numeric total: 8.99409e+08
2025-12-08 22:35:59+0700: Done tuning, saved results to C:\Users\admin\Downloads\katagotest/KataGoData/opencltuning/tune11_gpuNVIDIAGeForceRTX4060_x19_y19_c64_mv11.txt
2025-12-08 22:36:00+0700: OpenCL backend thread 0: Model version 11
2025-12-08 22:36:00+0700: OpenCL backend thread 0: Model name: b24c64-19x19-v53g-12300-swa2-202508152111
2025-12-08 22:36:00+0700: OpenCL backend thread 0: FP16Storage true FP16Compute false FP16TensorCores true FP16TensorCoresFor1x1 false
2025-12-08 22:36:00+0700: Loaded neural net with nnXLen 19 nnYLen 19
2025-12-08 22:36:00+0700: Initializing board with boardXSize 19 boardYSize 19
2025-12-08 22:36:00+0700: Loaded config default_gtp.cfg
2025-12-08 22:36:00+0700: Loaded model model.bin.gz
2025-12-08 22:36:00+0700: Model name: b24c64-19x19-v53g-12300-swa2-202508152111
2025-12-08 22:36:00+0700: GTP ready, beginning main protocol loop
2025-12-08 22:36:15+0700: Controller: board_size 19
2025-12-08 22:36:15+0700: ? unknown command
2025-12-08 22:36:18+0700: Controller: command
2025-12-08 22:36:18+0700: ? unknown command
2025-12-08 22:36:20+0700: Controller: help
2025-12-08 22:36:20+0700: ? unknown command
2025-12-08 22:36:22+0700: Controller: ?
2025-12-08 22:36:22+0700: ? unknown command
2025-12-08 22:36:53+0700: Controller: boardsize 9
2025-12-08 22:36:53+0700: GPU -1 finishing, processed 0 rows 0 batches
2025-12-08 22:36:53+0700: Cleaned up old neural net and bot
2025-12-08 22:36:53+0700: nnRandSeed0 = 16606652605355900814
2025-12-08 22:36:53+0700: After dedups: nnModelFile0 = model.bin.gz useFP16 auto useNHWC auto
2025-12-08 22:36:53+0700: Initializing neural net buffer to be size 9 * 9 exactly
2025-12-08 22:36:53+0700: Found OpenCL Platform 0: NVIDIA CUDA (NVIDIA Corporation) (OpenCL 3.0 CUDA 12.8.97)
2025-12-08 22:36:53+0700: Found 1 device(s) on platform 0 with type CPU or GPU or Accelerator
2025-12-08 22:36:53+0700: Found OpenCL Device 0: NVIDIA GeForce RTX 4060 (NVIDIA Corporation) (score 11000300)
2025-12-08 22:36:53+0700: Creating context for OpenCL Platform: NVIDIA CUDA (NVIDIA Corporation) (OpenCL 3.0 CUDA 12.8.97)
2025-12-08 22:36:53+0700: Using OpenCL Device 0: NVIDIA GeForce RTX 4060 (NVIDIA Corporation) OpenCL 3.0 CUDA (Extensions: cl_khr_global_int32_base_atomics cl_khr_global_int32_extended_atomics cl_khr_local_int32_base_atomics cl_khr_local_int32_extended_atomics cl_khr_fp64 cl_khr_3d_image_writes cl_khr_byte_addressable_store cl_khr_icd cl_khr_gl_sharing cl_nv_compiler_options cl_nv_device_attribute_query cl_nv_pragma_unroll cl_nv_d3d10_sharing cl_khr_d3d10_sharing cl_nv_d3d11_sharing cl_nv_copy_opts cl_nv_create_buffer cl_khr_int64_base_atomics cl_khr_int64_extended_atomics cl_khr_device_uuid cl_khr_pci_bus_info cl_khr_external_semaphore cl_khr_external_memory cl_khr_external_semaphore_win32 cl_khr_external_memory_win32 cl_khr_semaphore)
2025-12-08 22:36:53+0700: Loaded tuning parameters from: C:\Users\admin\Downloads\katagotest/KataGoData/opencltuning/tune11_gpuNVIDIAGeForceRTX4060_x19_y19_c64_mv11.txt
2025-12-08 22:36:53+0700: OpenCL backend thread 0: Model version 11
2025-12-08 22:36:53+0700: OpenCL backend thread 0: Model name: b24c64-19x19-v53g-12300-swa2-202508152111
2025-12-08 22:36:53+0700: OpenCL backend thread 0: FP16Storage true FP16Compute false FP16TensorCores true FP16TensorCoresFor1x1 false
2025-12-08 22:36:53+0700: Loaded neural net with nnXLen 9 nnYLen 9
2025-12-08 22:36:53+0700: Initializing board with boardXSize 9 boardYSize 9
2025-12-08 22:36:53+0700: = 
2025-12-08 22:36:53+0700: Controller: clear_board
2025-12-08 22:36:53+0700: = 
2025-12-08 22:36:53+0700: Controller: genmove b
2025-12-08 22:36:53+0700: MoveNum: 0 HASH: 9F0B2D702FC8448C75410E097F089AEB
   A B C D E F G H J
 9 . . . . . . . . .
 8 . . . . . . . . .
 7 . . . . . . . . .
 6 . . . . . . . . @
 5 . . . . . . . . .
 4 . . . . . . . . .
 3 . . . . . . . . .
 2 . . . . . . . . .
 1 . . . . . . . . .

koPOSITIONALscoreAREAtaxNONEsui1komi7.5
Time taken: 0.047
Root visits: 505
New playouts: 505
NN rows: 43
NN batches: 19
NN avg batch size: 2.26316
PV: J6 pass pass
Tree:
: T 134.22c W  98.25c S  36.62c (+72.4 L +72.4) N     505  --  J6 pass pass
---Black(^)---
J6  : T 136.61c W  99.93c S  36.72c (+73.4 L +73.4) LCB  135.55c P  0.60% WF 2791.5 PSV    2715 N     341  --  J6 pass pass
J7  : T 130.14c W  95.33c S  36.49c (+71.1 L +71.1) LCB  113.36c P  0.72% WF 947.2 PSV       8 N     137  --  J7 pass pass
H8  : T   3.45c W   3.45c S  -0.00c ( -0.0 L  -0.0) LCB -338.42c P  2.80% WF   1.7 PSV       1 N       2  --  H8 pass
H7  : T   2.01c W   2.01c S  -0.00c ( -0.0 L  -0.0) LCB -343.86c P  1.48% WF   1.7 PSV       0 N       2  --  H7 pass
G7  : T   1.43c W   1.43c S  -0.00c ( -0.0 L  -0.0) LCB -346.18c P  1.13% WF   1.7 PSV       0 N       2  --  G7 pass
H6  : T   0.91c W   0.91c S  -0.00c ( -0.0 L  -0.0) LCB -348.25c P  0.89% WF   1.7 PSV       0 N       2  --  H6 pass
H5  : T   0.64c W   0.64c S  -0.00c ( -0.0 L  -0.0) LCB -349.31c P  0.67% WF   1.7 PSV       0 N       2  --  H5 pass
J8  : T  25.84c W  25.84c S  -0.00c ( -0.0 L  -0.0) LCB -253.06c P  0.49% WF   1.8 PSV       0 N       2  --  J8 pass
E5  : T   0.58c W   0.58c S  -0.00c ( -0.0 L  -0.0) LCB -348.31c P  0.46% WF   1.7 PSV       0 N       2  --  E5 C3
J5  : T  19.18c W  19.18c S  -0.00c ( -0.0 L  -0.0) LCB -278.34c P  0.44% WF   1.8 PSV       0 N       2  --  J5 pass

2025-12-08 22:36:53+0700: = J6
2025-12-08 22:37:05+0700: Controller: quit
2025-12-08 22:37:05+0700: Quit requested by controller
2025-12-08 22:37:05+0700: = 
2025-12-08 22:37:05+0700: GPU -1 finishing, processed 43 rows 19 batches
2025-12-08 22:37:05+0700: All cleaned up, quitting
