2025-12-08 22:35:31+0700: Running with following config:
allowResignation = true
lagBuffer = 1.0
logAllGTPCommunication = true
logDir = gtp_logs
logSearchInfo = true
logSearchInfoForChosenMove = false
logToStderr = false
maxTimePondering = 60.0
maxVisits = 500
numSearchThreads = 6
ponderingEnabled = false
resignConsecTurns = 3
resignThreshold = -0.90
rules = tromp-taylor
searchFactorAfterOnePass = 0.50
searchFactorAfterTwoPass = 0.25
searchFactorWhenWinning = 0.40
searchFactorWhenWinningThreshold = 0.95

2025-12-08 22:35:31+0700: GTP Engine starting...
2025-12-08 22:35:31+0700: KataGo v1.16.4
2025-12-08 22:35:31+0700: Using TrompTaylor rules initially, unless GTP/GUI overrides this
2025-12-08 22:35:31+0700: Using 6 CPU thread(s) for search
2025-12-08 22:35:31+0700: nnRandSeed0 = 8875149813158997044
2025-12-08 22:35:31+0700: After dedups: nnModelFile0 = model.bin.gz useFP16 auto useNHWC auto
2025-12-08 22:35:31+0700: Initializing neural net buffer to be size 19 * 19 exactly
