2025-12-09 22:21:37+0700: Running with following config:
allowResignation = true
lagBuffer = 1.0
logAllGTPCommunication = true
logDir = gtp_logs
logSearchInfo = true
logSearchInfoForChosenMove = false
logToStderr = false
maxTimePondering = 60.0
maxVisits = 500
numSearchThreads = 6
ponderingEnabled = false
resignConsecTurns = 3
resignThreshold = -0.90
rules = tromp-taylor
searchFactorAfterOnePass = 0.50
searchFactorAfterTwoPass = 0.25
searchFactorWhenWinning = 0.40
searchFactorWhenWinningThreshold = 0.95

2025-12-09 22:21:37+0700: GTP Engine starting...
2025-12-09 22:21:37+0700: KataGo v1.16.4
2025-12-09 22:21:37+0700: Using TrompTaylor rules initially, unless GTP/GUI overrides this
2025-12-09 22:21:37+0700: Using 6 CPU thread(s) for search
2025-12-09 22:21:37+0700: nnRandSeed0 = 17054962349645826081
2025-12-09 22:21:37+0700: After dedups: nnModelFile0 = model.bin.gz useFP16 auto useNHWC auto
2025-12-09 22:21:37+0700: Initializing neural net buffer to be size 19 * 19 exactly
2025-12-09 22:21:38+0700: Found OpenCL Platform 0: NVIDIA CUDA (NVIDIA Corporation) (OpenCL 3.0 CUDA 12.8.97)
2025-12-09 22:21:38+0700: Found 1 device(s) on platform 0 with type CPU or GPU or Accelerator
2025-12-09 22:21:38+0700: Found OpenCL Device 0: NVIDIA GeForce RTX 4060 (NVIDIA Corporation) (score 11000300)
2025-12-09 22:21:38+0700: Creating context for OpenCL Platform: NVIDIA CUDA (NVIDIA Corporation) (OpenCL 3.0 CUDA 12.8.97)
2025-12-09 22:21:38+0700: Using OpenCL Device 0: NVIDIA GeForce RTX 4060 (NVIDIA Corporation) OpenCL 3.0 CUDA (Extensions: cl_khr_global_int32_base_atomics cl_khr_global_int32_extended_atomics cl_khr_local_int32_base_atomics cl_khr_local_int32_extended_atomics cl_khr_fp64 cl_khr_3d_image_writes cl_khr_byte_addressable_store cl_khr_icd cl_khr_gl_sharing cl_nv_compiler_options cl_nv_device_attribute_query cl_nv_pragma_unroll cl_nv_d3d10_sharing cl_khr_d3d10_sharing cl_nv_d3d11_sharing cl_nv_copy_opts cl_nv_create_buffer cl_khr_int64_base_atomics cl_khr_int64_extended_atomics cl_khr_device_uuid cl_khr_pci_bus_info cl_khr_external_semaphore cl_khr_external_memory cl_khr_external_semaphore_win32 cl_khr_external_memory_win32 cl_khr_semaphore)
2025-12-09 22:21:38+0700: Loaded tuning parameters from: C:\Users\admin\Downloads\katagotest/KataGoData/opencltuning/tune11_gpuNVIDIAGeForceRTX4060_x19_y19_c64_mv11.txt
2025-12-09 22:21:38+0700: OpenCL backend thread 0: Model version 11
2025-12-09 22:21:38+0700: OpenCL backend thread 0: Model name: b24c64-19x19-v53g-12300-swa2-202508152111
2025-12-09 22:21:38+0700: OpenCL backend thread 0: FP16Storage true FP16Compute false FP16TensorCores true FP16TensorCoresFor1x1 false
2025-12-09 22:21:38+0700: Loaded neural net with nnXLen 19 nnYLen 19
2025-12-09 22:21:38+0700: Initializing board with boardXSize 19 boardYSize 19
2025-12-09 22:21:38+0700: Loaded config default_gtp.cfg
2025-12-09 22:21:38+0700: Loaded model model.bin.gz
2025-12-09 22:21:38+0700: Model name: b24c64-19x19-v53g-12300-swa2-202508152111
2025-12-09 22:21:38+0700: GTP ready, beginning main protocol loop
2025-12-09 22:21:45+0700: Controller: boardsize 19
2025-12-09 22:21:45+0700: = 
2025-12-09 22:21:49+0700: Controller: clear
2025-12-09 22:21:49+0700: ? unknown command
2025-12-09 22:21:56+0700: Controller: clear_board
2025-12-09 22:21:56+0700: = 
2025-12-09 22:21:58+0700: Controller: genmove b
2025-12-09 22:21:59+0700: MoveNum: 0 HASH: CDCBC1F514D7E680FACD226074256633
   A B C D E F G H J K L M N O P Q R S T
19 . . . . . . . . . . . . . . . . . . .
18 . . . . . . . . . . . . . . . . . . .
17 . . . . . . . . . . . . . . . . . . .
16 . . . . . . . . . . . . . . . @ . . .
15 . . . . . . . . . . . . . . . . . . .
14 . . . . . . . . . . . . . . . . . . .
13 . . . . . . . . . . . . . . . . . . .
12 . . . . . . . . . . . . . . . . . . .
11 . . . . . . . . . . . . . . . . . . .
10 . . . . . . . . . . . . . . . . . . .
 9 . . . . . . . . . . . . . . . . . . .
 8 . . . . . . . . . . . . . . . . . . .
 7 . . . . . . . . . . . . . . . . . . .
 6 . . . . . . . . . . . . . . . . . . .
 5 . . . . . . . . . . . . . . . . . . .
 4 . . . . . . . . . . . . . . . . . . .
 3 . . . . . . . . . . . . . . . . . . .
 2 . . . . . . . . . . . . . . . . . . .
 1 . . . . . . . . . . . . . . . . . . .

koPOSITIONALscoreAREAtaxNONEsui1komi7.5
Time taken: 0.515
Root visits: 505
New playouts: 505
NN rows: 400
NN batches: 128
NN avg batch size: 3.125
PV: R16 D16 Q4 D4 O16 O3 R6 Q3
Tree:
: T -15.82c W -15.85c S   0.00c ( -0.0 L  -0.0) N     505  --  R16 D16 Q4 D4 O16 O3 R6
---Black(^)---
R16 : T -15.23c W -15.26c S  -0.00c ( -0.0 L  -0.0) LCB  -15.93c P  6.47% WF 227.3 PSV     227 N     157  --  R16 D16 Q4 D4 O16 O3 R6 Q3
Q16 : T -15.60c W -15.36c S   0.00c ( -0.0 L  -0.0) LCB  -16.27c P  7.99% WF 223.9 PSV     109 N     154  --  Q16 D16 Q4 D4 F3 C6 F17 C14
Q15 : T -15.20c W -15.52c S   0.00c ( -0.0 L  -0.0) LCB  -16.05c P  0.49% WF 167.5 PSV      20 N     118  --  Q15 Q4 D16 D4 Q17 C14 F17
R17 : T -18.27c W -18.47c S   0.00c ( -0.0 L  -0.0) LCB  -20.65c P  0.44% WF  33.8 PSV       1 N      24  --  R17 Q4 D16 D4 C3
R15 : T -17.31c W -17.55c S   0.00c ( -0.0 L  -0.0) LCB  -18.59c P  0.18% WF  52.7 PSV       0 N      40  --  R15 Q4 D4 C16 Q17
R14 : T -21.20c W -20.63c S   0.00c ( -0.0 L  -0.0) LCB  -97.53c P  0.07% WF   4.4 PSV       0 N       3  --  R14 R16 Q16
Q14 : T -22.52c W -22.52c S   0.00c ( -0.0 L  -0.0) LCB -372.52c P  0.07% WF   1.7 PSV       0 N       1  --  Q14
R13 : T -21.76c W -21.76c S   0.00c ( -0.0 L  -0.0) LCB -371.76c P  0.04% WF   1.7 PSV       0 N       1  --  R13
Q13 : T -22.29c W -22.29c S   0.00c ( -0.0 L  -0.0) LCB -372.29c P  0.04% WF   1.7 PSV       0 N       1  --  Q13
P15 : T -25.10c W -25.10c S   0.00c ( -0.0 L  -0.0) LCB -375.10c P  0.04% WF   1.7 PSV       0 N       1  --  P15

2025-12-09 22:21:59+0700: = Q16
2025-12-09 22:22:22+0700: Controller: final_score
2025-12-09 22:22:23+0700: = W+0.5
2025-12-09 22:22:30+0700: Controller: clear_board
2025-12-09 22:22:30+0700: = 
2025-12-09 22:22:32+0700: Controller: final_score
2025-12-09 22:22:32+0700: = W+0.5
2025-12-09 22:22:35+0700: Controller: komi 7.5
2025-12-09 22:22:35+0700: = 
2025-12-09 22:22:38+0700: Controller: final_score
2025-12-09 22:22:38+0700: = W+0.5
2025-12-09 22:23:33+0700: Controller: komi 7.5
2025-12-09 22:23:33+0700: = 
2025-12-09 22:23:36+0700: Controller: clear_board
2025-12-09 22:23:36+0700: = 
2025-12-09 22:23:39+0700: Controller: final_score
2025-12-09 22:23:39+0700: = W+0.5
2025-12-09 22:25:04+0700: Controller: clear_board
2025-12-09 22:25:04+0700: = 
2025-12-09 22:25:05+0700: Controller: boardsize 19
2025-12-09 22:25:05+0700: = 
2025-12-09 22:25:05+0700: Controller: clear_board
2025-12-09 22:25:05+0700: = 
2025-12-09 22:25:05+0700: Controller: komi 7.5
2025-12-09 22:25:05+0700: = 
2025-12-09 22:25:05+0700: Controller: play b pass
2025-12-09 22:25:05+0700: = 
2025-12-09 22:25:05+0700: Controller: play w pass
2025-12-09 22:25:05+0700: = 
2025-12-09 22:25:05+0700: Controller: final_score
2025-12-09 22:25:05+0700: = W+7.5
