2025-12-08 22:37:09+0700: Running with following config:
allowResignation = true
lagBuffer = 1.0
logAllGTPCommunication = true
logDir = gtp_logs
logSearchInfo = true
logSearchInfoForChosenMove = false
logToStderr = false
maxTimePondering = 60.0
maxVisits = 500
numSearchThreads = 6
ponderingEnabled = false
resignConsecTurns = 3
resignThreshold = -0.90
rules = tromp-taylor
searchFactorAfterOnePass = 0.50
searchFactorAfterTwoPass = 0.25
searchFactorWhenWinning = 0.40
searchFactorWhenWinningThreshold = 0.95

2025-12-08 22:37:09+0700: GTP Engine starting...
2025-12-08 22:37:09+0700: KataGo v1.16.4
2025-12-08 22:37:09+0700: Using TrompTaylor rules initially, unless GTP/GUI overrides this
2025-12-08 22:37:09+0700: Using 6 CPU thread(s) for search
2025-12-08 22:37:09+0700: nnRandSeed0 = 14336656881324600500
2025-12-08 22:37:09+0700: After dedups: nnModelFile0 = model.bin.gz useFP16 auto useNHWC auto
2025-12-08 22:37:09+0700: Initializing neural net buffer to be size 19 * 19 exactly
2025-12-08 22:37:09+0700: Found OpenCL Platform 0: NVIDIA CUDA (NVIDIA Corporation) (OpenCL 3.0 CUDA 12.8.97)
2025-12-08 22:37:09+0700: Found 1 device(s) on platform 0 with type CPU or GPU or Accelerator
2025-12-08 22:37:09+0700: Found OpenCL Device 0: NVIDIA GeForce RTX 4060 (NVIDIA Corporation) (score 11000300)
2025-12-08 22:37:09+0700: Creating context for OpenCL Platform: NVIDIA CUDA (NVIDIA Corporation) (OpenCL 3.0 CUDA 12.8.97)
2025-12-08 22:37:09+0700: Using OpenCL Device 0: NVIDIA GeForce RTX 4060 (NVIDIA Corporation) OpenCL 3.0 CUDA (Extensions: cl_khr_global_int32_base_atomics cl_khr_global_int32_extended_atomics cl_khr_local_int32_base_atomics cl_khr_local_int32_extended_atomics cl_khr_fp64 cl_khr_3d_image_writes cl_khr_byte_addressable_store cl_khr_icd cl_khr_gl_sharing cl_nv_compiler_options cl_nv_device_attribute_query cl_nv_pragma_unroll cl_nv_d3d10_sharing cl_khr_d3d10_sharing cl_nv_d3d11_sharing cl_nv_copy_opts cl_nv_create_buffer cl_khr_int64_base_atomics cl_khr_int64_extended_atomics cl_khr_device_uuid cl_khr_pci_bus_info cl_khr_external_semaphore cl_khr_external_memory cl_khr_external_semaphore_win32 cl_khr_external_memory_win32 cl_khr_semaphore)
2025-12-08 22:37:09+0700: Loaded tuning parameters from: C:\Users\admin\Downloads\katagotest/KataGoData/opencltuning/tune11_gpuNVIDIAGeForceRTX4060_x19_y19_c64_mv11.txt
2025-12-08 22:37:09+0700: OpenCL backend thread 0: Model version 11
2025-12-08 22:37:09+0700: OpenCL backend thread 0: Model name: b24c64-19x19-v53g-12300-swa2-202508152111
2025-12-08 22:37:09+0700: OpenCL backend thread 0: FP16Storage true FP16Compute false FP16TensorCores true FP16TensorCoresFor1x1 false
2025-12-08 22:37:09+0700: Loaded neural net with nnXLen 19 nnYLen 19
2025-12-08 22:37:09+0700: Initializing board with boardXSize 19 boardYSize 19
2025-12-08 22:37:09+0700: Loaded config default_gtp.cfg
2025-12-08 22:37:09+0700: Loaded model model.bin.gz
2025-12-08 22:37:09+0700: Model name: b24c64-19x19-v53g-12300-swa2-202508152111
2025-12-08 22:37:09+0700: GTP ready, beginning main protocol loop
2025-12-08 22:37:16+0700: Controller: boardsize 9
2025-12-08 22:37:16+0700: GPU -1 finishing, processed 0 rows 0 batches
2025-12-08 22:37:16+0700: Cleaned up old neural net and bot
2025-12-08 22:37:16+0700: nnRandSeed0 = 9905094189819719352
2025-12-08 22:37:16+0700: After dedups: nnModelFile0 = model.bin.gz useFP16 auto useNHWC auto
2025-12-08 22:37:16+0700: Initializing neural net buffer to be size 9 * 9 exactly
2025-12-08 22:37:16+0700: Found OpenCL Platform 0: NVIDIA CUDA (NVIDIA Corporation) (OpenCL 3.0 CUDA 12.8.97)
2025-12-08 22:37:16+0700: Found 1 device(s) on platform 0 with type CPU or GPU or Accelerator
2025-12-08 22:37:16+0700: Found OpenCL Device 0: NVIDIA GeForce RTX 4060 (NVIDIA Corporation) (score 11000300)
2025-12-08 22:37:16+0700: Creating context for OpenCL Platform: NVIDIA CUDA (NVIDIA Corporation) (OpenCL 3.0 CUDA 12.8.97)
2025-12-08 22:37:16+0700: Using OpenCL Device 0: NVIDIA GeForce RTX 4060 (NVIDIA Corporation) OpenCL 3.0 CUDA (Extensions: cl_khr_global_int32_base_atomics cl_khr_global_int32_extended_atomics cl_khr_local_int32_base_atomics cl_khr_local_int32_extended_atomics cl_khr_fp64 cl_khr_3d_image_writes cl_khr_byte_addressable_store cl_khr_icd cl_khr_gl_sharing cl_nv_compiler_options cl_nv_device_attribute_query cl_nv_pragma_unroll cl_nv_d3d10_sharing cl_khr_d3d10_sharing cl_nv_d3d11_sharing cl_nv_copy_opts cl_nv_create_buffer cl_khr_int64_base_atomics cl_khr_int64_extended_atomics cl_khr_device_uuid cl_khr_pci_bus_info cl_khr_external_semaphore cl_khr_external_memory cl_khr_external_semaphore_win32 cl_khr_external_memory_win32 cl_khr_semaphore)
2025-12-08 22:37:16+0700: Loaded tuning parameters from: C:\Users\admin\Downloads\katagotest/KataGoData/opencltuning/tune11_gpuNVIDIAGeForceRTX4060_x19_y19_c64_mv11.txt
2025-12-08 22:37:16+0700: OpenCL backend thread 0: Model version 11
2025-12-08 22:37:16+0700: OpenCL backend thread 0: Model name: b24c64-19x19-v53g-12300-swa2-202508152111
2025-12-08 22:37:16+0700: OpenCL backend thread 0: FP16Storage true FP16Compute false FP16TensorCores true FP16TensorCoresFor1x1 false
2025-12-08 22:37:16+0700: Loaded neural net with nnXLen 9 nnYLen 9
2025-12-08 22:37:16+0700: Initializing board with boardXSize 9 boardYSize 9
2025-12-08 22:37:16+0700: = 
2025-12-08 22:37:20+0700: Controller: clear_board
2025-12-08 22:37:20+0700: = 
2025-12-08 22:37:23+0700: Controller: genmove w
2025-12-08 22:37:23+0700: MoveNum: 0 HASH: 9F0B2D702FC8448C75410E097F089AEB
   A B C D E F G H J
 9 . . . . . . . . .
 8 . . . . . . . . .
 7 . . . . . . . . .
 6 . . . . . . . . .
 5 . . . . . . . . .
 4 . . . @ . . . . .
 3 . . . . . . . . .
 2 . . . . . . . . .
 1 . . . . . . . . .

koPOSITIONALscoreAREAtaxNONEsui1komi7.5
Time taken: 0.047
Root visits: 505
New playouts: 505
NN rows: 17
NN batches: 7
NN avg batch size: 2.42857
PV: D4 pass pass
Tree:
: T 136.60c W  99.49c S  37.25c (+88.1 L +88.1) N     505  --  D4 pass pass
---White(^)---
D4  : T 137.07c W  99.86c S  37.26c (+88.4 L +88.4) LCB  135.04c P  1.57% WF 1953.9 PSV    1947 N     245  --  D4 pass pass
B4  : T 136.93c W  99.75c S  37.25c (+88.3 L +88.3) LCB  133.39c P  1.50% WF 1123.7 PSV     407 N     142  --  B4 pass pass
C4  : T 136.82c W  99.67c S  37.25c (+88.2 L +88.2) LCB  132.14c P  1.88% WF 850.0 PSV     321 N     108  --  C4 pass pass
C3  : T  71.94c W  48.60c S  28.05c (+55.4 L +55.4) LCB -263.27c P  3.30% WF   8.5 PSV       2 N       4  --  C3 B3
C5  : T 101.77c W  74.25c S  32.04c (+65.3 L +65.3) LCB -215.07c P  1.78% WF   9.1 PSV       2 N       3  --  C5 pass pass
pss : T -92.58c W -92.58c S   0.00c ( +0.0 L  +0.0) LCB -243.37c P  9.84% WF   1.2 PSV       2 N       2  --  pass G7

2025-12-08 22:37:23+0700: = D4
2025-12-08 22:37:31+0700: Controller: b pass
2025-12-08 22:37:31+0700: ? unknown command
2025-12-08 22:40:47+0700: Controller: clear_board
2025-12-08 22:40:47+0700: = 
2025-12-08 22:50:54+0700: Controller: play b D4
2025-12-08 22:50:54+0700: = 
2025-12-08 22:51:04+0700: Controller: genmove w
2025-12-08 22:51:04+0700: MoveNum: 1 HASH: 5A923CA831EC9443E2ACC23691D8092E
   A B C D E F G H J
 9 . . . . . . . . .
 8 . . . . . . . . .
 7 . . . . . . @ . .
 6 . . . . . . . . .
 5 . . . . . . . . .
 4 . . . X1. . . . .
 3 . . . . . . . . .
 2 . . . . . . . . .
 1 . . . . . . . . .

koPOSITIONALscoreAREAtaxNONEsui1komi7.5
Time taken: 0.437
Root visits: 505
New playouts: 505
NN rows: 260
NN batches: 106
NN avg batch size: 2.45283
PV: G7 G6 pass pass
Tree:
: T 107.08c W  91.01c S  11.37c ( +5.5 L  +5.5) N     505  --  G7 G6 pass pass
---White(^)---
G7  : T 108.97c W  92.62c S  13.54c ( +5.8 L  +5.8) LCB   99.90c P  0.31% WF 2258.4 PSV    2220 N     462  --  G7 G6 pass pass
pss : T -126.81c W -91.65c S -36.41c (-70.4 L -70.4) LCB -244.52c P 95.00% WF   9.1 PSV      32 N       5  --  pass pass
E7  : T  90.07c W  69.61c S   9.88c ( +5.0 L  +5.0) LCB   11.12c P  0.27% WF  34.9 PSV       1 N      26  --  E7 F6 pass pass
F7  : T -72.32c W -50.08c S   0.00c ( +0.0 L  +0.0) LCB -195.94c P  0.39% WF   2.5 PSV       0 N       4  --  F7 G6
D7  : T -72.07c W -49.76c S   0.00c ( +0.0 L  +0.0) LCB -196.01c P  0.22% WF   2.5 PSV       0 N       4  --  D7 F6
F6  : T -62.86c W -33.13c S   0.00c ( +0.0 L  +0.0) LCB -224.10c P  0.32% WF   2.0 PSV       0 N       3  --  F6 C6

2025-12-08 22:51:04+0700: = G7
2025-12-08 22:51:09+0700: Controller: play b C3
2025-12-08 22:51:09+0700: = 
2025-12-08 22:51:12+0700: Controller: genmove w
2025-12-08 22:51:12+0700: MoveNum: 3 HASH: E1297BC1A04F342F5F2D8B928BE46DD6
   A B C D E F G H J
 9 . . . . . . . . .
 8 . . . . . . . . .
 7 . . . . . . O2. .
 6 . . . . . . . . .
 5 . . . . . . . . .
 4 . . . X1. . . . .
 3 . . X3. . . . . .
 2 . . . . . . . . .
 1 . . . . . . . . .

koPOSITIONALscoreAREAtaxNONEsui1komi7.5
Time taken: 0.094
Root visits: 505
New playouts: 505
NN rows: 20
NN batches: 9
NN avg batch size: 2.22222
PV: pass pass
Tree:
: T 115.89c W  99.63c S  16.19c ( +6.2 L  +6.2) N     505  --  pass pass
---White(^)---
pss : T 116.18c W  99.83c S  16.28c ( +6.2 L  +6.2) LCB  114.97c P 69.42% WF 3905.7 PSV    3901 N     495  --  pass pass
D6  : T -42.82c W  -0.30c S   0.00c ( +0.0 L  +0.0) LCB -265.72c P  9.91% WF   1.5 PSV       2 N       2  --  D6 pass
D7  : T  79.12c W  79.12c S   0.00c ( -0.0 L  -0.0) LCB -270.88c P  1.32% WF   1.3 PSV       1 N       1  --  D7
E6  : T -43.07c W  -1.63c S   0.00c ( +0.0 L  +0.0) LCB -262.85c P  1.42% WF   1.5 PSV       0 N       2  --  E6 pass
E7  : T -41.01c W  -0.61c S   0.00c ( +0.0 L  +0.0) LCB -257.83c P  0.86% WF   1.5 PSV       0 N       2  --  E7 pass
D8  : T  85.58c W  85.58c S   0.00c ( -0.0 L  -0.0) LCB -264.42c P  0.71% WF   1.3 PSV       0 N       1  --  D8

2025-12-08 22:51:12+0700: = pass
2025-12-08 22:51:25+0700: Controller: play b pass
2025-12-08 22:51:25+0700: = 
2025-12-08 22:51:29+0700: Controller: final_score
2025-12-08 22:51:29+0700: = W+6.5
2025-12-08 22:51:39+0700: Controller: clear_board
2025-12-08 22:51:39+0700: = 
2025-12-08 22:51:41+0700: Controller: final_score
2025-12-08 22:51:41+0700: = B+73.5
2025-12-08 22:52:03+0700: Controller: board_size 19
2025-12-08 22:52:03+0700: ? unknown command
2025-12-08 22:52:07+0700: Controller: boardsize 19
2025-12-08 22:52:07+0700: GPU -1 finishing, processed 434 rows 180 batches
2025-12-08 22:52:07+0700: Cleaned up old neural net and bot
2025-12-08 22:52:07+0700: nnRandSeed0 = 17264635349461353344
2025-12-08 22:52:07+0700: After dedups: nnModelFile0 = model.bin.gz useFP16 auto useNHWC auto
2025-12-08 22:52:07+0700: Initializing neural net buffer to be size 19 * 19 exactly
2025-12-08 22:52:07+0700: Found OpenCL Platform 0: NVIDIA CUDA (NVIDIA Corporation) (OpenCL 3.0 CUDA 12.8.97)
2025-12-08 22:52:07+0700: Found 1 device(s) on platform 0 with type CPU or GPU or Accelerator
2025-12-08 22:52:07+0700: Found OpenCL Device 0: NVIDIA GeForce RTX 4060 (NVIDIA Corporation) (score 11000300)
2025-12-08 22:52:07+0700: Creating context for OpenCL Platform: NVIDIA CUDA (NVIDIA Corporation) (OpenCL 3.0 CUDA 12.8.97)
2025-12-08 22:52:08+0700: Using OpenCL Device 0: NVIDIA GeForce RTX 4060 (NVIDIA Corporation) OpenCL 3.0 CUDA (Extensions: cl_khr_global_int32_base_atomics cl_khr_global_int32_extended_atomics cl_khr_local_int32_base_atomics cl_khr_local_int32_extended_atomics cl_khr_fp64 cl_khr_3d_image_writes cl_khr_byte_addressable_store cl_khr_icd cl_khr_gl_sharing cl_nv_compiler_options cl_nv_device_attribute_query cl_nv_pragma_unroll cl_nv_d3d10_sharing cl_khr_d3d10_sharing cl_nv_d3d11_sharing cl_nv_copy_opts cl_nv_create_buffer cl_khr_int64_base_atomics cl_khr_int64_extended_atomics cl_khr_device_uuid cl_khr_pci_bus_info cl_khr_external_semaphore cl_khr_external_memory cl_khr_external_semaphore_win32 cl_khr_external_memory_win32 cl_khr_semaphore)
2025-12-08 22:52:08+0700: Loaded tuning parameters from: C:\Users\admin\Downloads\katagotest/KataGoData/opencltuning/tune11_gpuNVIDIAGeForceRTX4060_x19_y19_c64_mv11.txt
2025-12-08 22:52:08+0700: OpenCL backend thread 0: Model version 11
2025-12-08 22:52:08+0700: OpenCL backend thread 0: Model name: b24c64-19x19-v53g-12300-swa2-202508152111
2025-12-08 22:52:08+0700: OpenCL backend thread 0: FP16Storage true FP16Compute false FP16TensorCores true FP16TensorCoresFor1x1 false
2025-12-08 22:52:08+0700: Loaded neural net with nnXLen 19 nnYLen 19
2025-12-08 22:52:08+0700: Initializing board with boardXSize 19 boardYSize 19
2025-12-08 22:52:08+0700: = 
2025-12-08 22:52:10+0700: Controller: clear_board
2025-12-08 22:52:10+0700: = 
2025-12-08 22:52:15+0700: Controller: play b D4
2025-12-08 22:52:15+0700: = 
2025-12-08 22:52:19+0700: Controller: genmove w
2025-12-08 22:52:20+0700: MoveNum: 1 HASH: 20D027FF3D8F63642B79C3F658C233F1
   A B C D E F G H J K L M N O P Q R S T
19 . . . . . . . . . . . . . . . . . . .
18 . . . . . . . . . . . . . . . . . . .
17 . . . . . . . . . . . . . . . . . . .
16 . . . @ . . . . . . . . . . . . . . .
15 . . . . . . . . . . . . . . . . . . .
14 . . . . . . . . . . . . . . . . . . .
13 . . . . . . . . . . . . . . . . . . .
12 . . . . . . . . . . . . . . . . . . .
11 . . . . . . . . . . . . . . . . . . .
10 . . . . . . . . . . . . . . . . . . .
 9 . . . . . . . . . . . . . . . . . . .
 8 . . . . . . . . . . . . . . . . . . .
 7 . . . . . . . . . . . . . . . . . . .
 6 . . . . . . . . . . . . . . . . . . .
 5 . . . . . . . . . . . . . . . . . . .
 4 . . . X1. . . . . . . . . . . . . . .
 3 . . . . . . . . . . . . . . . . . . .
 2 . . . . . . . . . . . . . . . . . . .
 1 . . . . . . . . . . . . . . . . . . .

koPOSITIONALscoreAREAtaxNONEsui1komi7.5
Time taken: 0.406
Root visits: 505
New playouts: 505
NN rows: 416
NN batches: 131
NN avg batch size: 3.17557
PV: Q16 R4 C16 E17 D15 P4 H17
Tree:
: T  14.72c W  14.96c S  -0.00c ( +0.0 L  +0.0) N     505  --  Q16 R4 C16 E17 D15 P4 H17
---White(^)---
Q16 : T  15.18c W  15.32c S  -0.00c ( +0.0 L  +0.0) LCB   14.40c P 26.27% WF 295.0 PSV     360 N     205  --  Q16 R4 C16 E17 D15 P4 H17
D16 : T  14.97c W  15.40c S  -0.00c ( +0.0 L  +0.0) LCB   14.12c P 26.89% WF 288.7 PSV     234 N     200  --  D16 R4 R16 P17 Q15 P4 M17 O16
C16 : T  13.75c W  13.72c S  -0.00c ( +0.0 L  +0.0) LCB   12.53c P  3.21% WF  64.0 PSV      12 N      45  --  C16 Q4 Q16 E17 D15 R14 O17
Q17 : T  13.51c W  13.61c S  -0.00c ( +0.0 L  +0.0) LCB   11.70c P  2.81% WF  38.5 PSV       9 N      27  --  Q17 Q4 D16 Q15 R15
D17 : T  13.38c W  13.20c S  -0.00c ( +0.0 L  +0.0) LCB   11.02c P  2.54% WF  31.6 PSV       8 N      22  --  D17 Q16 Q4 C15 F16 R3
C3  : T   6.07c W   8.26c S  -0.00c ( +0.0 L  +0.0) LCB  -22.37c P  0.27% WF   6.5 PSV       0 N       5  --  C3 D3 C4

2025-12-08 22:52:20+0700: = D16
2025-12-08 22:52:23+0700: Controller: final_score
2025-12-08 22:52:24+0700: = W+0.5
2025-12-08 22:52:32+0700: Controller: clear_board
2025-12-08 22:52:32+0700: = 
2025-12-08 22:52:34+0700: Controller: final_score
2025-12-08 22:52:34+0700: = W+0.5
2025-12-08 22:53:03+0700: Controller: komi
2025-12-08 22:53:03+0700: ? Expected single float argument for komi but got ''
