2025-12-09 23:22:57+0700: Running with following config:
allowResignation = true
lagBuffer = 1.0
logAllGTPCommunication = true
logDir = gtp_logs
logSearchInfo = true
logSearchInfoForChosenMove = false
logToStderr = false
maxTimePondering = 60.0
maxVisits = 500
numSearchThreads = 6
ponderingEnabled = false
resignConsecTurns = 3
resignThreshold = -0.90
rules = tromp-taylor
searchFactorAfterOnePass = 0.50
searchFactorAfterTwoPass = 0.25
searchFactorWhenWinning = 0.40
searchFactorWhenWinningThreshold = 0.95

2025-12-09 23:22:57+0700: GTP Engine starting...
2025-12-09 23:22:57+0700: KataGo v1.16.4
2025-12-09 23:22:57+0700: Using TrompTaylor rules initially, unless GTP/GUI overrides this
2025-12-09 23:22:57+0700: Using 6 CPU thread(s) for search
2025-12-09 23:22:57+0700: nnRandSeed0 = 11327152765664479178
2025-12-09 23:22:57+0700: After dedups: nnModelFile0 = model.bin.gz useFP16 auto useNHWC auto
2025-12-09 23:22:57+0700: Initializing neural net buffer to be size 19 * 19 exactly
2025-12-09 23:22:58+0700: Found OpenCL Platform 0: NVIDIA CUDA (NVIDIA Corporation) (OpenCL 3.0 CUDA 12.8.97)
2025-12-09 23:22:58+0700: Found 1 device(s) on platform 0 with type CPU or GPU or Accelerator
2025-12-09 23:22:58+0700: Found OpenCL Device 0: NVIDIA GeForce RTX 4060 (NVIDIA Corporation) (score 11000300)
2025-12-09 23:22:58+0700: Creating context for OpenCL Platform: NVIDIA CUDA (NVIDIA Corporation) (OpenCL 3.0 CUDA 12.8.97)
2025-12-09 23:22:58+0700: Using OpenCL Device 0: NVIDIA GeForce RTX 4060 (NVIDIA Corporation) OpenCL 3.0 CUDA (Extensions: cl_khr_global_int32_base_atomics cl_khr_global_int32_extended_atomics cl_khr_local_int32_base_atomics cl_khr_local_int32_extended_atomics cl_khr_fp64 cl_khr_3d_image_writes cl_khr_byte_addressable_store cl_khr_icd cl_khr_gl_sharing cl_nv_compiler_options cl_nv_device_attribute_query cl_nv_pragma_unroll cl_nv_d3d10_sharing cl_khr_d3d10_sharing cl_nv_d3d11_sharing cl_nv_copy_opts cl_nv_create_buffer cl_khr_int64_base_atomics cl_khr_int64_extended_atomics cl_khr_device_uuid cl_khr_pci_bus_info cl_khr_external_semaphore cl_khr_external_memory cl_khr_external_semaphore_win32 cl_khr_external_memory_win32 cl_khr_semaphore)
2025-12-09 23:22:58+0700: Loaded tuning parameters from: D:\HCMUS\Semester I 25\Introduction to CS\Repo\Katago/KataGoData/opencltuning/tune11_gpuNVIDIAGeForceRTX4060_x19_y19_c64_mv11.txt
2025-12-09 23:22:58+0700: OpenCL backend thread 0: Model version 11
2025-12-09 23:22:58+0700: OpenCL backend thread 0: Model name: b24c64-19x19-v53g-12300-swa2-202508152111
2025-12-09 23:22:58+0700: OpenCL backend thread 0: FP16Storage true FP16Compute false FP16TensorCores true FP16TensorCoresFor1x1 false
2025-12-09 23:22:58+0700: Loaded neural net with nnXLen 19 nnYLen 19
2025-12-09 23:22:58+0700: Initializing board with boardXSize 19 boardYSize 19
2025-12-09 23:22:58+0700: Loaded config default_gtp.cfg
2025-12-09 23:22:58+0700: Loaded model model.bin.gz
2025-12-09 23:22:58+0700: Model name: b24c64-19x19-v53g-12300-swa2-202508152111
2025-12-09 23:22:58+0700: GTP ready, beginning main protocol loop
